<?xml version="1.0" encoding="UTF-8"?>
<testng-results ignored="0" total="1" passed="1" failed="0" skipped="0">
  <reporter-output>
  </reporter-output>
  <suite started-at="2023-02-25T15:52:22 IST" name="Default suite" finished-at="2023-02-25T15:52:55 IST" duration-ms="32602">
    <groups>
    </groups>
    <test started-at="2023-02-25T15:52:22 IST" name="Default test" finished-at="2023-02-25T15:52:55 IST" duration-ms="32602">
      <class name="JdbcConnection">
        <test-method signature="jdbcconnectiondemo()[pri:0, instance:JdbcConnection@35aea049]" started-at="2023-02-25T15:52:23 IST" name="jdbcconnectiondemo" finished-at="2023-02-25T15:52:55 IST" duration-ms="32534" status="PASS">
          <reporter-output>
          </reporter-output>
        </test-method> <!-- jdbcconnectiondemo -->
      </class> <!-- JdbcConnection -->
    </test> <!-- Default test -->
  </suite> <!-- Default suite -->
</testng-results>
