<?xml version="1.0" encoding="UTF-8"?>
<!-- Generated by org.testng.reporters.JUnitXMLReporter -->
<testsuite ignored="0" hostname="LAPTOP-4RE7O3OA" failures="0" tests="3" name="Default test" time="19.69" errors="0" timestamp="2023-03-09T23:42:54 IST">
  <testcase classname="Files.DynamicJson" name="addBook" time="8.711"/>
  <testcase classname="Files.DynamicJson" name="addBook" time="5.466"/>
  <testcase classname="Files.DynamicJson" name="addBook" time="5.428"/>
</testsuite> <!-- Default test -->
