<?xml version="1.0" encoding="UTF-8"?>
<!-- Generated by org.testng.reporters.JUnitXMLReporter -->
<testsuite ignored="0" hostname="LAPTOP-4RE7O3OA" failures="0" tests="3" name="Default test" time="21.564" errors="0" timestamp="2023-03-10T12:43:53 IST">
  <testcase classname="Files.DynamicJson" name="addBook" time="10.15"/>
  <testcase classname="Files.DynamicJson" name="addBook" time="5.64"/>
  <testcase classname="Files.DynamicJson" name="addBook" time="5.643"/>
</testsuite> <!-- Default test -->
