<?xml version="1.0" encoding="UTF-8"?>
<!-- Generated by org.testng.reporters.JUnitXMLReporter -->
<testsuite ignored="4" hostname="LAPTOP-4RE7O3OA" failures="0" tests="1" name="Car Loan" time="0.006" errors="0" timestamp="2023-02-13T15:59:18 IST">
  <testcase classname="test.Day3" name="MobileLoginHomeLoan" time="0.002"/>
  <testcase classname="test.Day3" name="LoginAPIHomeLoan" time="0.0">
    <ignored/>
  </testcase> <!-- LoginAPIHomeLoan -->
  <testcase classname="test.Day3" name="MobileSignupHomeLoan" time="0.0">
    <ignored/>
  </testcase> <!-- MobileSignupHomeLoan -->
  <testcase classname="test.Day3" name="MobileSigninHomeLoan" time="0.0">
    <ignored/>
  </testcase> <!-- MobileSigninHomeLoan -->
  <testcase classname="test.Day3" name="webLoginHomeLoan" time="0.0">
    <ignored/>
  </testcase> <!-- webLoginHomeLoan -->
</testsuite> <!-- Car Loan -->
