<?xml version="1.0" encoding="UTF-8"?>
<!-- Generated by org.testng.reporters.JUnitXMLReporter -->
<testsuite ignored="1" hostname="LAPTOP-4RE7O3OA" failures="0" tests="11" name="HelperMethods" time="0.098" errors="0" timestamp="2023-02-13T18:08:12 IST">
  <testcase classname="test.Day1" name="secondTest" time="0.002"/>
  <testcase classname="test.Day2" name="fourthTest" time="0.004"/>
  <testcase classname="test.Day2" name="thirdTest" time="0.004"/>
  <testcase classname="test.Day3" name="LoginAPIHomeLoan" time="0.003"/>
  <testcase classname="test.Day3" name="MobileLoginHomeLoan" time="0.005"/>
  <testcase classname="test.Day3" name="MobileSigninHomeLoan" time="0.004"/>
  <testcase classname="test.Day3" name="MobileSignupHomeLoan" time="0.002"/>
  <testcase classname="test.Day3" name="webLoginHomeLoan" time="0.001"/>
  <testcase classname="test.Day4" name="MobileLoginCarLoan" time="0.002"/>
  <testcase classname="test.Day4" name="webLoginCarLoan" time="0.001"/>
  <testcase classname="test.Day4" name="LoginAPICarLoan" time="0.004"/>
  <testcase classname="test.Day1" name="firstTest" time="0.0">
    <ignored/>
  </testcase> <!-- firstTest -->
</testsuite> <!-- HelperMethods -->
