<?xml version="1.0" encoding="UTF-8"?>
<!-- Generated by org.testng.reporters.JUnitXMLReporter -->
<testsuite ignored="1" hostname="LAPTOP-4RE7O3OA" failures="1" tests="13" name="Personal Loan" time="0.252" errors="0" timestamp="2023-02-13T20:24:08 IST">
  <testcase classname="test.Day1" name="secondTest" time="0.01"/>
  <testcase classname="test.Day2" name="fourthTest" time="0.014"/>
  <testcase classname="test.Day2" name="thirdTest" time="0.003"/>
  <testcase classname="test.Day3" name="LoginAPIHomeLoan" time="0.004"/>
  <testcase classname="test.Day3" name="MobileLoginHomeLoan" time="0.005"/>
  <testcase classname="test.Day3" name="MobileSigninHomeLoan" time="0.005"/>
  <testcase classname="test.Day3" name="MobileSignupHomeLoan" time="0.016"/>
  <testcase classname="test.Day3" name="webLoginHomeLoan" time="0.003"/>
  <testcase classname="test.Day4" name="MobileLoginCarLoan" time="0.004"/>
  <testcase classname="test.Day4" name="MobileLoginCarLoan" time="0.001"/>
  <testcase classname="test.Day4" name="MobileLoginCarLoan" time="0.001"/>
  <testcase classname="test.Day4" name="webLoginCarLoan" time="0.006">
    <failure type="java.lang.AssertionError" message="expected [true] but found [false]">
      <![CDATA[java.lang.AssertionError: expected [true] but found [false]
at test.Day4.webLoginCarLoan(Day4.java:17)
at java.base/java.util.ArrayList.forEach(ArrayList.java:1511)
at java.base/java.util.concurrent.FutureTask.run(FutureTask.java:264)
at java.base/java.util.concurrent.ThreadPoolExecutor.runWorker(ThreadPoolExecutor.java:1136)
at java.base/java.util.concurrent.ThreadPoolExecutor$Worker.run(ThreadPoolExecutor.java:635)
at java.base/java.lang.Thread.run(Thread.java:833)
... Removed 22 stack frames]]>
    </failure>
  </testcase> <!-- webLoginCarLoan -->
  <testcase classname="test.Day4" name="LoginAPICarLoan" time="0.0">
    <skipped/>
  </testcase> <!-- LoginAPICarLoan -->
  <testcase classname="test.Day1" name="firstTest" time="0.0">
    <ignored/>
  </testcase> <!-- firstTest -->
</testsuite> <!-- Personal Loan -->
