<?xml version="1.0" encoding="UTF-8"?>
<testng-results ignored="0" total="3" passed="3" failed="0" skipped="0">
  <reporter-output>
  </reporter-output>
  <suite started-at="2023-03-10T12:43:32 IST" name="Default suite" finished-at="2023-03-10T12:43:53 IST" duration-ms="21564">
    <groups>
    </groups>
    <test started-at="2023-03-10T12:43:32 IST" name="Default test" finished-at="2023-03-10T12:43:53 IST" duration-ms="21564">
      <class name="Files.DynamicJson">
        <test-method signature="addBook(java.lang.String,java.lang.String)[pri:0, instance:Files.DynamicJson@5fbdfdcf]" started-at="2023-03-10T12:43:32 IST" name="addBook" data-provider="getData" finished-at="2023-03-10T12:43:42 IST" duration-ms="10150" status="PASS">
          <params>
            <param index="0">
              <value>
                <![CDATA[12]]>
              </value>
            </param>
            <param index="1">
              <value>
                <![CDATA[34]]>
              </value>
            </param>
          </params>
          <reporter-output>
          </reporter-output>
        </test-method> <!-- addBook -->
        <test-method signature="addBook(java.lang.String,java.lang.String)[pri:0, instance:Files.DynamicJson@5fbdfdcf]" started-at="2023-03-10T12:43:42 IST" name="addBook" data-provider="getData" finished-at="2023-03-10T12:43:47 IST" duration-ms="5640" status="PASS">
          <params>
            <param index="0">
              <value>
                <![CDATA[45]]>
              </value>
            </param>
            <param index="1">
              <value>
                <![CDATA[67]]>
              </value>
            </param>
          </params>
          <reporter-output>
          </reporter-output>
        </test-method> <!-- addBook -->
        <test-method signature="addBook(java.lang.String,java.lang.String)[pri:0, instance:Files.DynamicJson@5fbdfdcf]" started-at="2023-03-10T12:43:48 IST" name="addBook" data-provider="getData" finished-at="2023-03-10T12:43:53 IST" duration-ms="5643" status="PASS">
          <params>
            <param index="0">
              <value>
                <![CDATA[98]]>
              </value>
            </param>
            <param index="1">
              <value>
                <![CDATA[45]]>
              </value>
            </param>
          </params>
          <reporter-output>
          </reporter-output>
        </test-method> <!-- addBook -->
      </class> <!-- Files.DynamicJson -->
    </test> <!-- Default test -->
  </suite> <!-- Default suite -->
</testng-results>
