<?xml version="1.0" encoding="UTF-8"?>
<testng-results ignored="0" total="3" passed="3" failed="0" skipped="0">
  <reporter-output>
  </reporter-output>
  <suite started-at="2023-03-09T23:42:34 IST" name="Default suite" finished-at="2023-03-09T23:42:54 IST" duration-ms="19690">
    <groups>
    </groups>
    <test started-at="2023-03-09T23:42:34 IST" name="Default test" finished-at="2023-03-09T23:42:54 IST" duration-ms="19690">
      <class name="Files.DynamicJson">
        <test-method signature="addBook(java.lang.String,java.lang.String)[pri:0, instance:Files.DynamicJson@5fbdfdcf]" started-at="2023-03-09T23:42:34 IST" name="addBook" data-provider="getData" finished-at="2023-03-09T23:42:43 IST" duration-ms="8711" status="PASS">
          <params>
            <param index="0">
              <value>
                <![CDATA[12]]>
              </value>
            </param>
            <param index="1">
              <value>
                <![CDATA[34]]>
              </value>
            </param>
          </params>
          <reporter-output>
          </reporter-output>
        </test-method> <!-- addBook -->
        <test-method signature="addBook(java.lang.String,java.lang.String)[pri:0, instance:Files.DynamicJson@5fbdfdcf]" started-at="2023-03-09T23:42:43 IST" name="addBook" data-provider="getData" finished-at="2023-03-09T23:42:49 IST" duration-ms="5466" status="PASS">
          <params>
            <param index="0">
              <value>
                <![CDATA[45]]>
              </value>
            </param>
            <param index="1">
              <value>
                <![CDATA[67]]>
              </value>
            </param>
          </params>
          <reporter-output>
          </reporter-output>
        </test-method> <!-- addBook -->
        <test-method signature="addBook(java.lang.String,java.lang.String)[pri:0, instance:Files.DynamicJson@5fbdfdcf]" started-at="2023-03-09T23:42:49 IST" name="addBook" data-provider="getData" finished-at="2023-03-09T23:42:54 IST" duration-ms="5428" status="PASS">
          <params>
            <param index="0">
              <value>
                <![CDATA[98]]>
              </value>
            </param>
            <param index="1">
              <value>
                <![CDATA[45]]>
              </value>
            </param>
          </params>
          <reporter-output>
          </reporter-output>
        </test-method> <!-- addBook -->
      </class> <!-- Files.DynamicJson -->
    </test> <!-- Default test -->
  </suite> <!-- Default suite -->
</testng-results>
